<?xml version="1.0" encoding="UTF-8"?>
<!-- Generated by org.testng.reporters.JUnitReportReporter -->
<testsuite skipped="0" hostname="DESKTOP-DCTILRE" name="com.testautomationguru.container.test.OrderTest" tests="12" failures="0" timestamp="05 sty 2019 11:30:00 GMT" time="66.550" errors="0">
  <testcase name="googleTest" time="5.402" classname="com.testautomationguru.container.test.OrderTest"/>
  <testcase name="googleTest" time="11.232" classname="com.testautomationguru.container.test.OrderTest"/>
  <testcase name="googleTest" time="6.302" classname="com.testautomationguru.container.test.OrderTest"/>
  <testcase name="googleTest" time="3.765" classname="com.testautomationguru.container.test.OrderTest"/>
  <testcase name="googleTest" time="4.130" classname="com.testautomationguru.container.test.OrderTest"/>
  <testcase name="googleTest" time="4.896" classname="com.testautomationguru.container.test.OrderTest"/>
  <testcase name="googleTest" time="6.249" classname="com.testautomationguru.container.test.OrderTest"/>
  <testcase name="googleTest" time="6.480" classname="com.testautomationguru.container.test.OrderTest"/>
  <testcase name="googleTest" time="4.605" classname="com.testautomationguru.container.test.OrderTest"/>
  <testcase name="googleTest" time="4.543" classname="com.testautomationguru.container.test.OrderTest"/>
  <testcase name="googleTest" time="3.486" classname="com.testautomationguru.container.test.OrderTest"/>
  <testcase name="googleTest" time="5.460" classname="com.testautomationguru.container.test.OrderTest"/>
</testsuite> <!-- com.testautomationguru.container.test.OrderTest -->
